<?xml version="1.0" encoding="UTF-8"?>
<coverage generated="1585500734094" clover="3.2.0">
  <project timestamp="1585500734096" name="All files">
    <metrics statements="13" coveredstatements="12" conditionals="11" coveredconditionals="9" methods="4" coveredmethods="4" elements="28" coveredelements="25" complexity="0" loc="13" ncloc="13" packages="1" files="3" classes="3"/>
    <file name="conclude.js" path="/Users/kiranearle/Documents/Repos/Kayden/utils/conclude.js">
      <metrics statements="8" coveredstatements="7" conditionals="8" coveredconditionals="6" methods="1" coveredmethods="1"/>
      <line num="15" count="1" type="stmt"/>
      <line num="16" count="2" type="stmt"/>
      <line num="17" count="2" type="cond" truecount="2" falsecount="0"/>
      <line num="18" count="1" type="cond" truecount="1" falsecount="1"/>
      <line num="19" count="0" type="stmt"/>
      <line num="23" count="2" type="cond" truecount="2" falsecount="0"/>
      <line num="24" count="1" type="cond" truecount="1" falsecount="1"/>
      <line num="25" count="1" type="stmt"/>
    </file>
    <file name="isObject.js" path="/Users/kiranearle/Documents/Repos/Kayden/utils/isObject.js">
      <metrics statements="2" coveredstatements="2" conditionals="3" coveredconditionals="3" methods="1" coveredmethods="1"/>
      <line num="9" count="1" type="stmt"/>
      <line num="10" count="2" type="cond" truecount="3" falsecount="0"/>
    </file>
    <file name="setHeaders.js" path="/Users/kiranearle/Documents/Repos/Kayden/utils/setHeaders.js">
      <metrics statements="3" coveredstatements="3" conditionals="0" coveredconditionals="0" methods="2" coveredmethods="2"/>
      <line num="12" count="1" type="stmt"/>
      <line num="13" count="1" type="stmt"/>
      <line num="14" count="1" type="stmt"/>
    </file>
  </project>
</coverage>
