{"/Users/kiranearle/Documents/Repos/Kayden/utils/conclude.js": {"path":"/Users/kiranearle/Documents/Repos/Kayden/utils/conclude.js","statementMap":{"0":{"start":{"line":15,"column":0},"end":{"line":28,"column":1}},"1":{"start":{"line":16,"column":33},"end":{"line":16,"column":36}},"2":{"start":{"line":17,"column":2},"end":{"line":21,"column":3}},"3":{"start":{"line":18,"column":4},"end":{"line":20,"column":5}},"4":{"start":{"line":19,"column":6},"end":{"line":19,"column":63}},"5":{"start":{"line":23,"column":2},"end":{"line":27,"column":3}},"6":{"start":{"line":24,"column":4},"end":{"line":26,"column":5}},"7":{"start":{"line":25,"column":6},"end":{"line":25,"column":23}}},"fnMap":{"0":{"name":"conclude","decl":{"start":{"line":15,"column":26},"end":{"line":15,"column":34}},"loc":{"start":{"line":15,"column":67},"end":{"line":28,"column":1}},"line":15}},"branchMap":{"0":{"loc":{"start":{"line":17,"column":2},"end":{"line":21,"column":3}},"type":"if","locations":[{"start":{"line":17,"column":2},"end":{"line":21,"column":3}},{"start":{"line":17,"column":2},"end":{"line":21,"column":3}}],"line":17},"1":{"loc":{"start":{"line":18,"column":4},"end":{"line":20,"column":5}},"type":"if","locations":[{"start":{"line":18,"column":4},"end":{"line":20,"column":5}},{"start":{"line":18,"column":4},"end":{"line":20,"column":5}}],"line":18},"2":{"loc":{"start":{"line":23,"column":2},"end":{"line":27,"column":3}},"type":"if","locations":[{"start":{"line":23,"column":2},"end":{"line":27,"column":3}},{"start":{"line":23,"column":2},"end":{"line":27,"column":3}}],"line":23},"3":{"loc":{"start":{"line":24,"column":4},"end":{"line":26,"column":5}},"type":"if","locations":[{"start":{"line":24,"column":4},"end":{"line":26,"column":5}},{"start":{"line":24,"column":4},"end":{"line":26,"column":5}}],"line":24}},"s":{"0":1,"1":2,"2":2,"3":1,"4":0,"5":2,"6":1,"7":1},"f":{"0":2},"b":{"0":[1,1],"1":[0,1],"2":[1,1],"3":[1,0]},"_coverageSchema":"1a1c01bbd47fc00a2c39e90264f33305004495a9","hash":"f4661db705d2b8ef4abdef83649eef8ba2384325"}
,"/Users/kiranearle/Documents/Repos/Kayden/utils/isObject.js": {"path":"/Users/kiranearle/Documents/Repos/Kayden/utils/isObject.js","statementMap":{"0":{"start":{"line":9,"column":0},"end":{"line":11,"column":1}},"1":{"start":{"line":10,"column":2},"end":{"line":10,"column":75}}},"fnMap":{"0":{"name":"isObject","decl":{"start":{"line":9,"column":26},"end":{"line":9,"column":34}},"loc":{"start":{"line":9,"column":42},"end":{"line":11,"column":1}},"line":9}},"branchMap":{"0":{"loc":{"start":{"line":10,"column":9},"end":{"line":10,"column":75}},"type":"binary-expr","locations":[{"start":{"line":10,"column":9},"end":{"line":10,"column":14}},{"start":{"line":10,"column":18},"end":{"line":10,"column":43}},{"start":{"line":10,"column":47},"end":{"line":10,"column":75}}],"line":10}},"s":{"0":1,"1":2},"f":{"0":2},"b":{"0":[2,2,1]},"_coverageSchema":"1a1c01bbd47fc00a2c39e90264f33305004495a9","hash":"bd6b11572b64afbcfb9c8ee3757ac5310698af68"}
,"/Users/kiranearle/Documents/Repos/Kayden/utils/setHeaders.js": {"path":"/Users/kiranearle/Documents/Repos/Kayden/utils/setHeaders.js","statementMap":{"0":{"start":{"line":12,"column":0},"end":{"line":16,"column":1}},"1":{"start":{"line":13,"column":2},"end":{"line":15,"column":4}},"2":{"start":{"line":14,"column":4},"end":{"line":14,"column":36}}},"fnMap":{"0":{"name":"setHeaders","decl":{"start":{"line":12,"column":26},"end":{"line":12,"column":36}},"loc":{"start":{"line":12,"column":51},"end":{"line":16,"column":1}},"line":12},"1":{"name":"(anonymous_1)","decl":{"start":{"line":13,"column":34},"end":{"line":13,"column":35}},"loc":{"start":{"line":13,"column":52},"end":{"line":15,"column":3}},"line":13}},"branchMap":{},"s":{"0":1,"1":1,"2":1},"f":{"0":1,"1":1},"b":{},"_coverageSchema":"1a1c01bbd47fc00a2c39e90264f33305004495a9","hash":"dd6dfbee744b5ca6463a245060f94270aa2cc7f1"}
}
