TN:
SF:utils/conclude.js
FN:15,conclude
FNF:1
FNH:1
FNDA:2,conclude
DA:15,1
DA:16,2
DA:17,2
DA:18,1
DA:19,0
DA:23,2
DA:24,1
DA:25,1
LF:8
LH:7
BRDA:17,0,0,1
BRDA:17,0,1,1
BRDA:18,1,0,0
BRDA:18,1,1,1
BRDA:23,2,0,1
BRDA:23,2,1,1
BRDA:24,3,0,1
BRDA:24,3,1,0
BRF:8
BRH:6
end_of_record
TN:
SF:utils/isObject.js
FN:9,isObject
FNF:1
FNH:1
FNDA:2,isObject
DA:9,1
DA:10,2
LF:2
LH:2
BRDA:10,0,0,2
BRDA:10,0,1,2
BRDA:10,0,2,1
BRF:3
BRH:3
end_of_record
TN:
SF:utils/setHeaders.js
FN:12,setHeaders
FN:13,(anonymous_1)
FNF:2
FNH:2
FNDA:1,setHeaders
FNDA:1,(anonymous_1)
DA:12,1
DA:13,1
DA:14,1
LF:3
LH:3
BRF:0
BRH:0
end_of_record
